0 info it worked if it ends with ok
1 verbose cli [ '/usr/local/Cellar/node/0.10.13/bin/node',
1 verbose cli   '/usr/local/bin/npm',
1 verbose cli   'update',
1 verbose cli   'grunt' ]
2 info using npm@1.3.2
3 info using node@v0.10.13
4 info outdated updating undefined
5 error Failed to parse json
5 error Unexpected end of input
6 error File: /Users/larry/_projects/Catapult/CatapultRedesign/package.json
7 error Failed to parse package.json data.
7 error package.json must be actual JSON, not just JavaScript.
7 error
7 error This is not a bug in npm.
7 error Tell the package author to fix their package.json file. JSON.parse
8 error System Darwin 12.4.0
9 error command "/usr/local/Cellar/node/0.10.13/bin/node" "/usr/local/bin/npm" "update" "grunt"
10 error cwd /Users/larry/_projects/Catapult/CatapultRedesign/site/wp-content/themes/catapult
11 error node -v v0.10.13
12 error npm -v 1.3.2
13 error file /Users/larry/_projects/Catapult/CatapultRedesign/package.json
14 error code EJSONPARSE
15 verbose exit [ 1, true ]
